Performing C SOURCE FILE Test WITH_STACK_CLASH_PROTECTION failed with the following output:
Change Dir: /Users/maithaalhayyas/Desktop/Week1Exercise/cmake-build-debug/CMakeFiles/CMakeTmp

Run Build Command(s):/usr/bin/make cmTC_9b1d7/fast && /Applications/Xcode.app/Contents/Developer/usr/bin/make  -f CMakeFiles/cmTC_9b1d7.dir/build.make CMakeFiles/cmTC_9b1d7.dir/build
Building C object CMakeFiles/cmTC_9b1d7.dir/src.c.o
/Applications/Xcode.app/Contents/Developer/Toolchains/XcodeDefault.xctoolchain/usr/bin/cc   -DWITH_STACK_CLASH_PROTECTION -fstack-clash-protection -isysroot /Applications/Xcode.app/Contents/Developer/Platforms/MacOSX.platform/Developer/SDKs/MacOSX11.1.sdk -mmacosx-version-min=10.15 -fPIE   -o CMakeFiles/cmTC_9b1d7.dir/src.c.o   -c /Users/maithaalhayyas/Desktop/Week1Exercise/cmake-build-debug/CMakeFiles/CMakeTmp/src.c
clang: error: unknown argument: '-fstack-clash-protection'
make[1]: *** [CMakeFiles/cmTC_9b1d7.dir/src.c.o] Error 1
make: *** [cmTC_9b1d7/fast] Error 2


Source file was:
int main(int argc, char **argv) { char buffer[256]; return buffer[argc]=0;}
Determining if the include file io.h exists failed with the following output:
Change Dir: /Users/maithaalhayyas/Desktop/Week1Exercise/cmake-build-debug/CMakeFiles/CMakeTmp

Run Build Command(s):/usr/bin/make cmTC_b1ec1/fast && /Applications/Xcode.app/Contents/Developer/usr/bin/make  -f CMakeFiles/cmTC_b1ec1.dir/build.make CMakeFiles/cmTC_b1ec1.dir/build
Building C object CMakeFiles/cmTC_b1ec1.dir/CheckIncludeFile.c.o
/Applications/Xcode.app/Contents/Developer/Toolchains/XcodeDefault.xctoolchain/usr/bin/cc   -isysroot /Applications/Xcode.app/Contents/Developer/Platforms/MacOSX.platform/Developer/SDKs/MacOSX11.1.sdk -mmacosx-version-min=10.15 -fPIE   -o CMakeFiles/cmTC_b1ec1.dir/CheckIncludeFile.c.o   -c /Users/maithaalhayyas/Desktop/Week1Exercise/cmake-build-debug/CMakeFiles/CMakeTmp/CheckIncludeFile.c
/Users/maithaalhayyas/Desktop/Week1Exercise/cmake-build-debug/CMakeFiles/CMakeTmp/CheckIncludeFile.c:1:10: fatal error: 'io.h' file not found
#include <io.h>
         ^~~~~~
1 error generated.
make[1]: *** [CMakeFiles/cmTC_b1ec1.dir/CheckIncludeFile.c.o] Error 1
make: *** [cmTC_b1ec1/fast] Error 2



Determining if the include file malloc.h exists failed with the following output:
Change Dir: /Users/maithaalhayyas/Desktop/Week1Exercise/cmake-build-debug/CMakeFiles/CMakeTmp

Run Build Command(s):/usr/bin/make cmTC_a83e7/fast && /Applications/Xcode.app/Contents/Developer/usr/bin/make  -f CMakeFiles/cmTC_a83e7.dir/build.make CMakeFiles/cmTC_a83e7.dir/build
Building C object CMakeFiles/cmTC_a83e7.dir/CheckIncludeFile.c.o
/Applications/Xcode.app/Contents/Developer/Toolchains/XcodeDefault.xctoolchain/usr/bin/cc   -isysroot /Applications/Xcode.app/Contents/Developer/Platforms/MacOSX.platform/Developer/SDKs/MacOSX11.1.sdk -mmacosx-version-min=10.15 -fPIE   -o CMakeFiles/cmTC_a83e7.dir/CheckIncludeFile.c.o   -c /Users/maithaalhayyas/Desktop/Week1Exercise/cmake-build-debug/CMakeFiles/CMakeTmp/CheckIncludeFile.c
/Users/maithaalhayyas/Desktop/Week1Exercise/cmake-build-debug/CMakeFiles/CMakeTmp/CheckIncludeFile.c:1:10: fatal error: 'malloc.h' file not found
#include <malloc.h>
         ^~~~~~~~~~
1 error generated.
make[1]: *** [CMakeFiles/cmTC_a83e7.dir/CheckIncludeFile.c.o] Error 1
make: *** [cmTC_a83e7/fast] Error 2



